<?xml version="1.0" encoding="UTF-8"?>
<!-- Generated by org.testng.reporters.JUnitXMLReporter -->
<testsuite hostname="IMSS-JKR-CPU-31" ignored="0" name="Bank Manager Login Test" tests="1" failures="1" timestamp="04 Oct 2019 11:28:58 GMT" time="0.419" errors="0">
  <testcase name="loginAsBankManager" time="0.332" classname="com.w2a.testcases.BankManagerLoginTest">
    <failure type="java.lang.AssertionError" message="null">
      <![CDATA[java.lang.AssertionError: null
at com.w2a.testcases.BankManagerLoginTest.loginAsBankManager(BankManagerLoginTest.java:19)
... Removed 27 stack frames]]>
    </failure>
  </testcase> <!-- loginAsBankManager -->
</testsuite> <!-- Bank Manager Login Test -->
